<?xml version="1.0" encoding="UTF-8"?>
<!-- Generated by org.testng.reporters.JUnitReportReporter -->
<testsuite hostname="william-pc" failures="0" tests="1" name="TestNG.WebDriverTestng" time="10.184" errors="0" timestamp="2019-10-21T13:41:04 IST" skipped="0">
  <testcase classname="TestNG.WebDriverTestng" name="Login" time="10.184"/>
</testsuite> <!-- TestNG.WebDriverTestng -->
