<?xml version="1.0" encoding="UTF-8"?>
<!-- Generated by org.testng.reporters.JUnitReportReporter -->
<testsuite hostname="william-pc" failures="0" tests="1" name="com.hrms.TestScripts.TC_103" time="55.183" errors="0" timestamp="2019-10-21T15:13:33 IST" skipped="0">
  <testcase classname="com.hrms.TestScripts.TC_103" name="main" time="55.183"/>
</testsuite> <!-- com.hrms.TestScripts.TC_103 -->
