<?xml version="1.0" encoding="UTF-8"?>
<!-- Generated by org.testng.reporters.JUnitReportReporter -->
<testsuite hostname="william-pc" failures="0" tests="1" name="com.hrms.TestScripts.TC_102" time="50.689" errors="0" timestamp="2019-10-22T12:51:44 IST" skipped="0">
  <testcase classname="com.hrms.TestScripts.TC_102" name="main" time="50.689"/>
</testsuite> <!-- com.hrms.TestScripts.TC_102 -->
