<?xml version="1.0" encoding="UTF-8"?>
<!-- Generated by org.testng.reporters.JUnitReportReporter -->
<testsuite hostname="william-pc" failures="0" tests="1" name="com.hrms.TestScripts.TC_101" time="45.366" errors="0" timestamp="2019-10-22T12:49:23 IST" skipped="0">
  <testcase classname="com.hrms.TestScripts.TC_101" name="main" time="45.366"/>
</testsuite> <!-- com.hrms.TestScripts.TC_101 -->
