<?xml version="1.0" encoding="UTF-8"?>
<!-- Generated by org.testng.reporters.JUnitReportReporter -->
<testsuite hostname="william-pc" failures="0" tests="2" name="TestNG.TC_TestNG" time="0.023" errors="0" timestamp="2019-10-18T23:48:19 IST" skipped="0">
  <testcase classname="TestNG.TC_TestNG" name="logout" time="0.002"/>
  <testcase classname="TestNG.TC_TestNG" name="login" time="0.021"/>
</testsuite> <!-- TestNG.TC_TestNG -->
